<?xml version="1.0" encoding="UTF-8"?>
<testsuite xmlns:xsi="http://www.w3.org/2001/XMLSchema-instance" xsi:noNamespaceSchemaLocation="https://maven.apache.org/surefire/maven-surefire-plugin/xsd/surefire-test-report-3.0.xsd" version="3.0" name="com.library.backend.controller.AuthControllerTest" time="4.932" tests="2" errors="0" skipped="0" failures="0">
  <properties>
[...]
</properties>
  <testcase name="shouldAuthenticateUser" classname="com.library.backend.controller.AuthControllerTest" time="0.224">
    <system-out><![CDATA[17:28:57.886 [main] INFO org.springframework.test.context.support.AnnotationConfigContextLoaderUtils -- Could not detect default configuration classes for test class [com.library.backend.controller.AuthControllerTest]: AuthControllerTest does not declare any static, non-private, non-final, nested classes annotated with @Configuration.
17:28:57.998 [main] INFO org.springframework.boot.test.context.SpringBootTestContextBootstrapper -- Found @SpringBootConfiguration com.library.backend.BackendApplication for test class com.library.backend.controller.AuthControllerTest

  .   ____          _            __ _ _
 /\\ / ___'_ __ _ _(_)_ __  __ _ \ \ \ \
( ( )\___ | '_ | '_| | '_ \/ _` | \ \ \ \
 \\/  ___)| |_)| | | | | || (_| |  ) ) ) )
  '  |____| .__|_| |_|_| |_\__, | / / / /
 =========|_|==============|___/=/_/_/_/
 :: Spring Boot ::                (v3.2.3)

2026-03-05T17:28:58.353+08:00  INFO 21056 --- [digital-library-backend] [           main] c.l.b.controller.AuthControllerTest      : Starting AuthControllerTest using Java 21.0.10 with PID 21056 (started by yuhexue in F:\Project\library\library\backend)
2026-03-05T17:28:58.355+08:00 DEBUG 21056 --- [digital-library-backend] [           main] c.l.b.controller.AuthControllerTest      : Running with Spring Boot v3.2.3, Spring v6.1.4
2026-03-05T17:28:58.356+08:00  INFO 21056 --- [digital-library-backend] [           main] c.l.b.controller.AuthControllerTest      : No active profile set, falling back to 1 default profile: "default"
2026-03-05T17:28:59.079+08:00  INFO 21056 --- [digital-library-backend] [           main] .s.d.r.c.RepositoryConfigurationDelegate : Multiple Spring Data modules found, entering strict repository configuration mode
2026-03-05T17:28:59.081+08:00  INFO 21056 --- [digital-library-backend] [           main] .s.d.r.c.RepositoryConfigurationDelegate : Bootstrapping Spring Data Redis repositories in DEFAULT mode.
2026-03-05T17:28:59.117+08:00  INFO 21056 --- [digital-library-backend] [           main] .s.d.r.c.RepositoryConfigurationDelegate : Finished Spring Data repository scanning in 22 ms. Found 0 Redis repository interfaces.
 _ _   |_  _ _|_. ___ _ |    _ 
| | |\/|_)(_| | |_\  |_)||_|_\ 
     /               |         
                        3.5.5 
2026-03-05T17:29:01.536+08:00  INFO 21056 --- [digital-library-backend] [           main] o.s.s.web.DefaultSecurityFilterChain     : Will secure any request with [org.springframework.security.web.session.DisableEncodeUrlFilter@23d978b, org.springframework.security.web.context.request.async.WebAsyncManagerIntegrationFilter@3cf70afa, org.springframework.security.web.context.SecurityContextHolderFilter@7323c38c, org.springframework.security.web.header.HeaderWriterFilter@44a44a04, org.springframework.web.filter.CorsFilter@66dd04e2, org.springframework.security.web.authentication.logout.LogoutFilter@6be422da, com.library.backend.security.JwtAuthenticationFilter@495e8a3, org.springframework.security.web.savedrequest.RequestCacheAwareFilter@63a72cc6, org.springframework.security.web.servletapi.SecurityContextHolderAwareRequestFilter@61bd0845, org.springframework.security.web.authentication.AnonymousAuthenticationFilter@6a7aa675, org.springframework.security.web.session.SessionManagementFilter@50e1f3fc, org.springframework.security.web.access.ExceptionTranslationFilter@cfb94fd, org.springframework.security.web.access.intercept.AuthorizationFilter@22ff11ef]
2026-03-05T17:29:02.365+08:00 DEBUG 21056 --- [digital-library-backend] [           main] c.l.b.security.JwtAuthenticationFilter   : Filter 'jwtAuthenticationFilter' configured for use
2026-03-05T17:29:02.366+08:00  INFO 21056 --- [digital-library-backend] [           main] o.s.b.t.m.w.SpringBootMockServletContext : Initializing Spring TestDispatcherServlet ''
2026-03-05T17:29:02.367+08:00  INFO 21056 --- [digital-library-backend] [           main] o.s.t.web.servlet.TestDispatcherServlet  : Initializing Servlet ''
2026-03-05T17:29:02.369+08:00  INFO 21056 --- [digital-library-backend] [           main] o.s.t.web.servlet.TestDispatcherServlet  : Completed initialization in 2 ms
2026-03-05T17:29:02.399+08:00  INFO 21056 --- [digital-library-backend] [           main] c.l.b.controller.AuthControllerTest      : Started AuthControllerTest in 4.273 seconds (process running for 5.188)
]]></system-out>
    <system-err><![CDATA[WARNING: A Java agent has been loaded dynamically (F:\code\apache-maven-3.9.12\repos\net\bytebuddy\byte-buddy-agent\1.14.12\byte-buddy-agent-1.14.12.jar)
WARNING: If a serviceability tool is in use, please run with -XX:+EnableDynamicAgentLoading to hide this warning
WARNING: If a serviceability tool is not in use, please run with -Djdk.instrument.traceUsage for more information
WARNING: Dynamic loading of agents will be disallowed by default in a future release
]]></system-err>
  </testcase>
  <testcase name="shouldRegisterUser" classname="com.library.backend.controller.AuthControllerTest" time="0.009"/>
</testsuite>